<?xml version="1.0" encoding="UTF-8"?>
<TestRun id="0b8e2123-be3a-4b8d-ba7e-ed7bcb2ff22f" name="prakashb@HCI-47 2012-02-29 14:44:01" runUser="HCITEC\prakashb" xmlns="http://microsoft.com/schemas/VisualStudio/TeamTest/2010">
  <TestSettings name="Default Test Settings" id="8f4eea43-44ee-41e8-b900-47aee970a5df">
    <Deployment userDeploymentRoot="D:\Projects\Cedar\src\TestResults" useDefaultDeploymentRoot="false" runDeploymentRoot="prakashb_HCI-47 2012-02-29 14_44_01">
      <DeploymentItem filename="D:\Projects\Cedar\src\Cedar\bin\Debug\Cedar.dll" />
    </Deployment>
    <Execution>
      <TestTypeSpecific />
      <AgentRule name="Execution Agents">
      </AgentRule>
    </Execution>
  </TestSettings>
  <Times creation="2012-02-29T14:44:01.8397859+05:30" queuing="2012-02-29T14:44:02.4868506+05:30" start="2012-02-29T14:44:02.5378557+05:30" finish="2012-02-29T14:44:03.1349154+05:30" />
  <ResultSummary outcome="Completed">
    <Counters total="1" executed="1" passed="1" error="0" failed="0" timeout="0" aborted="0" inconclusive="0" passedButRunAborted="0" notRunnable="0" notExecuted="0" disconnected="0" warning="0" completed="0" inProgress="0" pending="0" />
  </ResultSummary>
  <TestDefinitions>
    <UnitTest name="SelectShardIdForExistingObjectTest" storage="d:\projects\cedar\src\cedartest\bin\debug\cedartest.dll" id="33646a8c-8b4f-ea43-eb7a-fa6f1652cadf">
      <Execution id="541a42c8-e39f-4386-8a65-8f7a56fa37a3" />
      <TestMethod codeBase="D:/Projects/Cedar/src/CedarTest/bin/Debug/CedarTest.DLL" adapterTypeName="Microsoft.VisualStudio.TestTools.TestTypes.Unit.UnitTestAdapter, Microsoft.VisualStudio.QualityTools.Tips.UnitTest.Adapter, Version=10.0.0.0, Culture=neutral, PublicKeyToken=b03f5f7f11d50a3a" className="CedarTest.ShardSelectionStrategyTest, CedarTest, Version=1.0.0.0, Culture=neutral, PublicKeyToken=null" name="SelectShardIdForExistingObjectTest" />
    </UnitTest>
  </TestDefinitions>
  <TestLists>
    <TestList name="Results Not in a List" id="8c84fa94-04c1-424b-9868-57a2d4851a1d" />
    <TestList name="All Loaded Results" id="19431567-8539-422a-85d7-44ee4e166bda" />
  </TestLists>
  <TestEntries>
    <TestEntry testId="33646a8c-8b4f-ea43-eb7a-fa6f1652cadf" executionId="541a42c8-e39f-4386-8a65-8f7a56fa37a3" testListId="8c84fa94-04c1-424b-9868-57a2d4851a1d" />
  </TestEntries>
  <Results>
    <UnitTestResult executionId="541a42c8-e39f-4386-8a65-8f7a56fa37a3" testId="33646a8c-8b4f-ea43-eb7a-fa6f1652cadf" testName="SelectShardIdForExistingObjectTest" computerName="HCI-47" duration="00:00:00.0191699" startTime="2012-02-29T14:44:02.5848604+05:30" endTime="2012-02-29T14:44:03.0869106+05:30" testType="13cdc9d9-ddb5-4fa4-a97d-d965ccfc6d4b" outcome="Passed" testListId="8c84fa94-04c1-424b-9868-57a2d4851a1d" relativeResultsDirectory="541a42c8-e39f-4386-8a65-8f7a56fa37a3">
    </UnitTestResult>
  </Results>
</TestRun>