<?xml version="1.0" encoding="UTF-8"?>
<TestRun id="e4cf5fc4-1b10-46e9-be42-14bba2594c65" name="prakashb@HCI-47 2012-02-29 15:14:53" runUser="HCITEC\prakashb" xmlns="http://microsoft.com/schemas/VisualStudio/TeamTest/2010">
  <TestSettings name="Default Test Settings" id="f2b1d5e2-b99a-4d96-acba-b79cd9f28657">
    <Deployment userDeploymentRoot="D:\Projects\Cedar\src\TestResults" useDefaultDeploymentRoot="false" runDeploymentRoot="prakashb_HCI-47 2012-02-29 15_14_53">
      <DeploymentItem filename="D:\Projects\Cedar\src\Cedar\bin\Debug\Cedar.dll" />
    </Deployment>
    <Execution>
      <TestTypeSpecific />
      <AgentRule name="Execution Agents">
      </AgentRule>
    </Execution>
  </TestSettings>
  <Times creation="2012-02-29T15:14:53.5929427+05:30" queuing="2012-02-29T15:14:55.1640998+05:30" start="2012-02-29T15:14:55.1921026+05:30" finish="2012-02-29T15:14:55.5461380+05:30" />
  <ResultSummary outcome="Failed">
    <Counters total="1" executed="1" error="0" failed="1" timeout="0" aborted="0" inconclusive="0" passedButRunAborted="0" notRunnable="0" notExecuted="0" disconnected="0" warning="0" passed="0" completed="0" inProgress="0" pending="0" />
  </ResultSummary>
  <TestDefinitions>
    <UnitTest name="SelectShardIdForExistingObjectTest" storage="d:\projects\cedar\src\cedartest\bin\debug\cedartest.dll" id="33646a8c-8b4f-ea43-eb7a-fa6f1652cadf">
      <Execution id="7e1f4931-4397-4996-b198-0fb6a226c35f" />
      <TestMethod codeBase="D:/Projects/Cedar/src/CedarTest/bin/Debug/CedarTest.DLL" adapterTypeName="Microsoft.VisualStudio.TestTools.TestTypes.Unit.UnitTestAdapter, Microsoft.VisualStudio.QualityTools.Tips.UnitTest.Adapter, Version=10.0.0.0, Culture=neutral, PublicKeyToken=b03f5f7f11d50a3a" className="CedarTest.ShardSelectionStrategyTest, CedarTest, Version=1.0.0.0, Culture=neutral, PublicKeyToken=null" name="SelectShardIdForExistingObjectTest" />
    </UnitTest>
  </TestDefinitions>
  <TestLists>
    <TestList name="Results Not in a List" id="8c84fa94-04c1-424b-9868-57a2d4851a1d" />
    <TestList name="All Loaded Results" id="19431567-8539-422a-85d7-44ee4e166bda" />
  </TestLists>
  <TestEntries>
    <TestEntry testId="33646a8c-8b4f-ea43-eb7a-fa6f1652cadf" executionId="7e1f4931-4397-4996-b198-0fb6a226c35f" testListId="8c84fa94-04c1-424b-9868-57a2d4851a1d" />
  </TestEntries>
  <Results>
    <UnitTestResult executionId="7e1f4931-4397-4996-b198-0fb6a226c35f" testId="33646a8c-8b4f-ea43-eb7a-fa6f1652cadf" testName="SelectShardIdForExistingObjectTest" computerName="HCI-47" duration="00:00:00.1071904" startTime="2012-02-29T15:14:55.2001034+05:30" endTime="2012-02-29T15:14:55.4881322+05:30" testType="13cdc9d9-ddb5-4fa4-a97d-d965ccfc6d4b" outcome="Failed" testListId="8c84fa94-04c1-424b-9868-57a2d4851a1d" relativeResultsDirectory="7e1f4931-4397-4996-b198-0fb6a226c35f">
      <Output>
        <ErrorInfo>
          <Message>Test method CedarTest.ShardSelectionStrategyTest.SelectShardIdForExistingObjectTest threw exception: 
System.Data.OleDb.OleDbException: The path is not valid. Check the directory for the database. [,,,Path,,]</Message>
          <StackTrace>    at System.Data.OleDb.OleDbConnectionInternal..ctor(OleDbConnectionString constr, OleDbConnection connection)
   at System.Data.OleDb.OleDbConnectionFactory.CreateConnection(DbConnectionOptions options, Object poolGroupProviderInfo, DbConnectionPool pool, DbConnection owningObject)
   at System.Data.ProviderBase.DbConnectionFactory.CreateNonPooledConnection(DbConnection owningConnection, DbConnectionPoolGroup poolGroup)
   at System.Data.ProviderBase.DbConnectionFactory.GetConnection(DbConnection owningConnection)
   at System.Data.ProviderBase.DbConnectionClosed.OpenConnection(DbConnection outerConnection, DbConnectionFactory connectionFactory)
   at System.Data.OleDb.OleDbConnection.Open()
   at Cedar.BaseRepository.GetConnection() in D:\Projects\Cedar\src\Cedar\Sentinel\DataRepository\BaseRepository.cs:line 29
   at Cedar.ShardRepository.GetAllShard() in D:\Projects\Cedar\src\Cedar\Sentinel\DataRepository\ShardRepository.cs:line 36
   at Cedar.SqlDataReader.GetAllShardByAppname(String appName) in D:\Projects\Cedar\src\Cedar\Sentinel\SqlDataReader.cs:line 13
   at Cedar.AppContext..ctor(String appName) in D:\Projects\Cedar\src\Cedar\AppContext.cs:line 31
   at Cedar.CedarAppStore.GetContextOf(String appName) in D:\Projects\Cedar\src\Cedar\AppContextFactory.cs:line 50
   at CedarTest.ShardSelectionStrategyTest.SelectShardIdForExistingObjectTest() in D:\Projects\Cedar\src\CedarTest\ShardSelectionStrategyTest.cs:line 78
</StackTrace>
        </ErrorInfo>
      </Output>
    </UnitTestResult>
  </Results>
</TestRun>