<?xml version="1.0" encoding="UTF-8"?>
<TestRun id="24abdc7f-106d-4f7f-84c8-64b084d1f1ec" name="prakashb@HCI-47 2012-02-29 14:55:34" runUser="HCITEC\prakashb" xmlns="http://microsoft.com/schemas/VisualStudio/TeamTest/2010">
  <TestSettings name="Default Test Settings" id="8f4eea43-44ee-41e8-b900-47aee970a5df">
    <Deployment userDeploymentRoot="D:\Projects\Cedar\src\TestResults" useDefaultDeploymentRoot="false" runDeploymentRoot="prakashb_HCI-47 2012-02-29 14_55_34">
      <DeploymentItem filename="D:\Projects\Cedar\src\Cedar\bin\Debug\Cedar.dll" />
    </Deployment>
    <Execution>
      <TestTypeSpecific />
      <AgentRule name="Execution Agents">
      </AgentRule>
    </Execution>
  </TestSettings>
  <Times creation="2012-02-29T14:55:34.0339984+05:30" queuing="2012-02-29T14:55:34.8130763+05:30" start="2012-02-29T14:55:35.0350985+05:30" finish="2012-02-29T14:55:55.8771825+05:30" />
  <ResultSummary outcome="Failed">
    <Counters total="1" executed="1" error="0" failed="1" timeout="0" aborted="0" inconclusive="0" passedButRunAborted="0" notRunnable="0" notExecuted="0" disconnected="0" warning="0" passed="0" completed="0" inProgress="0" pending="0" />
  </ResultSummary>
  <TestDefinitions>
    <UnitTest name="SelectShardIdForExistingObjectTest" storage="d:\projects\cedar\src\cedartest\bin\debug\cedartest.dll" id="33646a8c-8b4f-ea43-eb7a-fa6f1652cadf">
      <Execution id="47f426dc-4d1e-4e01-b0fc-3057e3482e75" />
      <TestMethod codeBase="D:/Projects/Cedar/src/CedarTest/bin/Debug/CedarTest.DLL" adapterTypeName="Microsoft.VisualStudio.TestTools.TestTypes.Unit.UnitTestAdapter, Microsoft.VisualStudio.QualityTools.Tips.UnitTest.Adapter, Version=10.0.0.0, Culture=neutral, PublicKeyToken=b03f5f7f11d50a3a" className="CedarTest.ShardSelectionStrategyTest, CedarTest, Version=1.0.0.0, Culture=neutral, PublicKeyToken=null" name="SelectShardIdForExistingObjectTest" />
    </UnitTest>
  </TestDefinitions>
  <TestLists>
    <TestList name="Results Not in a List" id="8c84fa94-04c1-424b-9868-57a2d4851a1d" />
    <TestList name="All Loaded Results" id="19431567-8539-422a-85d7-44ee4e166bda" />
  </TestLists>
  <TestEntries>
    <TestEntry testId="33646a8c-8b4f-ea43-eb7a-fa6f1652cadf" executionId="47f426dc-4d1e-4e01-b0fc-3057e3482e75" testListId="8c84fa94-04c1-424b-9868-57a2d4851a1d" />
  </TestEntries>
  <Results>
    <UnitTestResult executionId="47f426dc-4d1e-4e01-b0fc-3057e3482e75" testId="33646a8c-8b4f-ea43-eb7a-fa6f1652cadf" testName="SelectShardIdForExistingObjectTest" computerName="HCI-47" duration="00:00:20.1815030" startTime="2012-02-29T14:55:35.1551105+05:30" endTime="2012-02-29T14:55:55.7951743+05:30" testType="13cdc9d9-ddb5-4fa4-a97d-d965ccfc6d4b" outcome="Failed" testListId="8c84fa94-04c1-424b-9868-57a2d4851a1d" relativeResultsDirectory="47f426dc-4d1e-4e01-b0fc-3057e3482e75">
      <Output>
        <ErrorInfo>
          <Message>Test method CedarTest.ShardSelectionStrategyTest.SelectShardIdForExistingObjectTest threw exception: 
System.NullReferenceException: Object reference not set to an instance of an object.</Message>
          <StackTrace>    at Cedar.Sharding.ShardStrategy.ShardSelection.ShardSelectionStrategy.SelectShardIdForExistingObject(Object obj) in D:\Projects\Cedar\src\Cedar\Sharding\ShardStrategy\ShardSelection\ShardSelectionStrategy.cs:line 30
   at CedarTest.ShardSelectionStrategyTest.SelectShardIdForExistingObjectTest() in D:\Projects\Cedar\src\CedarTest\ShardSelectionStrategyTest.cs:line 82
</StackTrace>
        </ErrorInfo>
      </Output>
    </UnitTestResult>
  </Results>
</TestRun>